===== Simulation Report 20181208-180649 =====

Settings:
====== Genetics Algorithm =====
Generation Limit: 200
Population Limit: 100
Mutation Rate: 0.050000
Tournament Pool Size: 5
====== Cellular Automaton ======
X Dimension: 64
Y Dimension: 64
CA Color: 4
CA Neighbor: 3
====== Truth Table ======
Row Count: 4
MASK: 0x0000000000000001
MASK Bitcount: 1
Mode: COMBINATIONAL

(HEX) INPUT | EXPECTED OUTPUT
0000000000000000 | 0000000000000001
5555555555555555 | 0000000000000000
AAAAAAAAAAAAAAAA | 0000000000000000
FFFFFFFFFFFFFFFF | 0000000000000000


Population Dump:
    UID | SOL | FITNESS | GATE | DNA 
     75 |   1 |   10000 | 3904 | 1021310311130310003121330323332321023300303020330130021300200323
     10 |   1 |   10000 | 3904 | 1021310311030310003121330323332321023310303020030130021300300323
     47 |   1 |   10000 | 1762 | 1133230031002303330002011000202333110000301220333303021313121103
     22 |   1 |   10000 | 1664 | 2133230032002303300022031020001233111103310020333303003313131103
     86 |   1 |   10000 | 1656 | 0032020333032322230112331130023302020132020333233303332320131133
     12 |   1 |   10000 | 1567 | 0223110102333120313033013322023222320231003133233033312323331133
     91 |   1 |   10000 | 1558 | 2133230031002303330002011000202333110000301220333303031313121103
     29 |   1 |   10000 | 1536 | 0203030130032323223123231232012003320131003133233003312333331133
     42 |   1 |   10000 | 1536 | 0203030130032323223123231032013003320131003133233303312332331133
     52 |   1 |   10000 | 1536 | 0223030130032323223022321233022003320121003230233003323320331133
     45 |   1 |   10000 | 1536 | 0203030130032323223122321233022003320131003133233033312323331133
     56 |   1 |   10000 | 1536 | 0233030130032323020122223103030003320221012132233203032323331103
     58 |   1 |   10000 | 1536 | 0203030130032323223122321233022003320132003133233033312323331133
     16 |   1 |   10000 | 1536 | 0233030130002323023122313130022002320131103133233003332320331133
      4 |   1 |   10000 | 1536 | 0233030130032323020122223103030003320221012133233003022323331103
     67 |   1 |   10000 | 1536 | 0302000133032323222300301323022100320313003330233333303312331133
     70 |   1 |   10000 | 1536 | 0233030130032323020122221113032003320201013133233033022323331133
     77 |   1 |   10000 | 1536 | 0203030130032323223122021233002003320201003133233033313323331133
     21 |   1 |   10000 | 1536 | 0203020130022023223120311233022003330132003133233033312322331133
     89 |   1 |   10000 | 1536 | 0232000130032323020122223103030303320221012133233003002323331103
     48 |   1 |   10000 | 1511 | 3130002031303333222003020332002130021010232000033333303303031113
     32 |   1 |   10000 | 1472 | 0203020130022033223320311233022003330132003103233033312322331113
     39 |   1 |   10000 | 1472 | 0233030130032323223022321233022003320131003133233003323323331133
     33 |   1 |   10000 | 1472 | 0303030130032323223120301333022203320232003233333033213322331133
      8 |   1 |   10000 | 1472 | 0233030130012323223122311130022002320131103133233003322310331133
     64 |   1 |   10000 | 1472 | 0233030130032323223122321130022002320131003133233003322310331133
     59 |   1 |   10000 | 1472 | 0233030130032223223122321130022002320131003133233023222310331133
     87 |   1 |   10000 | 1472 | 0303030130032323222100301323022103320332003333333033013322331133
     76 |   1 |   10000 | 1472 | 0233030130032123223120321130022002320131003133233003322310331133
      6 |   1 |   10000 | 1376 | 2133230032002303300022011030002233121103300020333303003313131103
     74 |   1 |   10000 | 1344 | 0301030133033323222300331323022100020303000333233233300312331103
      5 |   1 |   10000 | 1280 | 0303030130033323222100332323022103303002233333233033013322331133
     94 |   1 |   10000 | 1280 | 0203030103031323213122320233022003320131003133233033312323331133
     38 |   1 |   10000 | 1280 | 3121000030333033222003020232003132021310320000233333303303031123
     80 |   1 |   10000 | 1280 | 0233030130013323223122311130022002320131103133233003322310331133
     23 |   1 |   10000 | 1280 | 0303030130033323222100332323022103303002233033233033013322331133
      2 |   1 |   10000 | 1280 | 0303030130333323222100332323022103303001233333233033013322331133
     50 |   1 |   10000 | 1216 | 0301011030333033213003202331020331001001123223033323201301031123
     57 |   1 |   10000 | 1216 | 0301011030333033213003202331020331000001123223033323203301031123
     73 |   1 |   10000 | 1024 | 0233030130032333223022323233022003320031003133233003323323331133
     65 |   1 |   10000 |  224 | 3003000000033301031030321213003332312022000103210033303313031123
     53 |   1 |   10000 |  192 | 3131023030030323021022000003103023031333220000132333331333333103
     36 |   1 |   10000 |  192 | 3031023131030323021022012003023021131332230000002233230333333113
     18 |   1 |   10000 |  192 | 3132230032003101300020011030003320121000300330333303133303333103
     28 |   1 |   10000 |  192 | 3031023030030323021022000003023021131333220100032233231333333113
     88 |   1 |   10000 |  160 | 3103202301121301120030312110032303032023000133210032300303231103
     98 |   1 |   10000 |  160 | 3103001003021301030030311213022303302023000103211033303323131113
     14 |   1 |   10000 |  128 | 3130333030330323001022000003003031131333210110002333221332333123
     27 |   0 |    8500 | 3266 | 0021210331030310003121330323332321023310303023030130021300300121
     55 |   0 |    8500 | 2896 | 1303123301311303312130223233030022230212203323011112330123003210
     79 |   0 |    8500 | 2491 | 0233102112303132320331201301233333022301002023231210311313013211
     30 |   0 |    8500 | 1680 | 1333030031002303330002011000232333100003301220333303021313121113
     93 |   0 |    8500 |  128 | 3331023020030033021023000102003021321333320100032333331333333113
     17 |   0 |    8500 |  128 | 3233022231300003330320021001021330020010320131033333231331333113
     41 |   0 |    8500 |   64 | 0233030130002323023032301123133322033311312120010003330320331133
     72 |   0 |    8500 |    0 | 0103031130032313223122321333022003320132003131333033212323333233
     40 |   0 |    8500 |    0 | 0302000133332323222300301323022103320313003330233033003212333133
     78 |   0 |    8000 | 4096 | 0033030132032303020122213103030003320201012133233233022323333103
     31 |   0 |    8000 | 4096 | 0333032030030323021032303331032301130033203202303300222031300103
     83 |   0 |    8000 | 3968 | 0233030130102323023132313131012002120331330320330033032320331133
     11 |   0 |    8000 | 3072 | 0331032030030323021012303331032301330033203202303300222031303103
     15 |   0 |    8000 | 2435 | 3233030330101300020220003311022101001013301103300233310103023133
     82 |   0 |    8000 | 1536 | 0203030120032323223123231032013003320131003130233303312333331133
     51 |   0 |    8000 |   64 | 0233030130002323023133301123123322033311312130010003330320331133
     84 |   0 |    8000 |   64 | 3103302301021301120030312010032303332023000103210033300313231103
      0 |   0 |    8000 |    0 | 0233030130002323023022302113133320033313312120010003330320330333
     20 |   0 |    8000 |    0 | 3103002301021301120330311110032303332013000103210003303303231233
     69 |   0 |    7500 | 1943 | 3132230031003101300020011030003320131020300330333203133003333103
     25 |   0 |    7500 | 1893 | 0233030130032323321122221113032003320221013133203031022303331333
     35 |   0 |    7500 | 1574 | 3031023020030301020303320330102210331330300100032333231333333113
     81 |   0 |    7500 |    0 | 0223113102333120313033013322023222320201000131230023302323331333
     97 |   0 |    7500 |    0 | 0233030130032323020132221113032003320201013133233133022323331333
      7 |   0 |    7500 |    0 | 3031023131030323001222012003023031131332230000102233230333233103
     95 |   0 |    7000 | 2452 | 0303000100032323222300201323022103320332033331333033013322333131
     61 |   0 |    7000 |  896 | 0330030130032323020122321231302003220201013133233032022303331133
     90 |   0 |    7000 |  128 | 3231022231300002300320021001021330030010320101033333231333333113
     68 |   0 |    6500 | 1024 | 0233030110012323023032301123133322033311310120010003333320331133
     66 |   0 |    6500 |  128 | 3331023020030033021023000102003021321333320100032333331333333113
     13 |   0 |    6000 | 2077 | 2133230032002303300022011030132233121103300020333303003313121003
     19 |   0 |    6000 |  192 | 3231022231300002000320321001321330030010021101033333231333333113
      1 |   0 |    6000 |    0 | 0303031130032313113122321333022003320132003231333033212123333233
     92 |   0 |    5500 |   64 | 3033020333032322230012331130023302020132020333233303332320131133
     71 |   0 |    4500 |   64 | 3103302301021201120020312010032303332023000103210033300333231103
     43 |   0 |    4000 | 1136 | 0303030130033333022100333323023103303012233333203033012323331133
     44 |   0 |    4000 |  656 | 3130233032330323202103000300003001101333013110002333221332333123
      3 |   0 |    3500 | 2016 | 0203030131032323223121021033002003320201003303213003313333331133
     60 |   0 |    3000 | 1878 | 3130333330330323301022100003003031131333210110002333230332333120
     54 |   0 |    3000 | 1277 | 2133230031003303330002011000212331130000300220333303031313121103
     96 |   0 |    3000 |  916 | 0333010130033323222100332323023103003002233333233031013302331133
     26 |   0 |    3000 |  480 | 0233020120022023223120111233022003330332003133233033312023331133
     63 |   0 |    3000 |  352 | 0322213230202021332333001031301032030201012133233033022323331233
     62 |   0 |    2500 |  768 | 0203030130032323223122021233302003320200003333233033313323331133
     46 |   0 |    2500 |  639 | 3031023131030323021022012013023021131332230000002233030333323113
     99 |   0 |    2500 |  192 | 3203020330022023223120311233322003030132003133233033312322331133
     24 |   0 |    2500 |  128 | 0203020120032023223120311233022003330132303133232033312322331133
     49 |   0 |    2000 | 1977 | 0212300100333010130303032032033103030002000003210033303303031023
     34 |   0 |    2000 | 1425 | 0233030130032323020123223102030003320221012133203003023323331103
      9 |   0 |    2000 |  128 | 3033023000030323121022000003023021131333220100032233231333320113
     85 |   0 |    2000 |   64 | 3032230032003101300020011030003320101000300330333303133303333103
     37 |   0 |    1000 | 2377 | 0233030130032323020122223103030003320221012133233003022323321103
